#
# There is insufficient memory for the Java Runtime Environment to continue.
# Native memory allocation (mmap) failed to map 130023424 bytes for G1 virtual space
# Possible reasons:
#   The system is out of physical RAM or swap space
#   The process is running with CompressedOops enabled, and the Java Heap may be blocking the growth of the native heap
# Possible solutions:
#   Reduce memory load on the system
#   Increase physical memory or swap space
#   Check if swap backing store is full
#   Decrease Java heap size (-Xmx/-Xms)
#   Decrease number of Java threads
#   Decrease Java thread stack sizes (-Xss)
#   Set larger code cache with -XX:ReservedCodeCacheSize=
#   JVM is running with Unscaled Compressed Oops mode in which the Java heap is
#     placed in the first 4GB address space. The Java Heap base address is the
#     maximum limit for the native heap growth. Please use -XX:HeapBaseMinAddress
#     to set the Java Heap base and to place the Java Heap above 4GB virtual address.
# This output file may be truncated or incomplete.
#
#  Out of Memory Error (os_windows.cpp:3536), pid=2688, tid=3756
#
# JRE version:  (19.0.2+7) (build )
# Java VM: Java HotSpot(TM) 64-Bit Server VM (19.0.2+7-44, mixed mode, sharing, tiered, compressed oops, compressed class ptrs, g1 gc, windows-amd64)
# No core dump will be written. Minidumps are not enabled by default on client versions of Windows
#

---------------  S U M M A R Y ------------

Command Line: -javaagent:C:\Users\Жанарбай\AppData\Local\JetBrains\IntelliJ IDEA Community Edition 2022.3.2\lib\idea_rt.jar=63292:C:\Users\Жанарбай\AppData\Local\JetBrains\IntelliJ IDEA Community Edition 2022.3.2\bin -Dfile.encoding=UTF-8 -Dsun.stdout.encoding=UTF-8 -Dsun.stderr.encoding=UTF-8 --module-path=C:\Users\Жанарбай\.m2\repository\org\jetbrains\kotlin\kotlin-stdlib\1.6.0\kotlin-stdlib-1.6.0-modular.jar;C:\Users\Жанарбай\.m2\repository\com\github\almasb\fxgl-core\17.2\fxgl-core-17.2.jar;C:\Users\Жанарбай\.m2\repository\com\github\almasb\fxgl-io\17.2\fxgl-io-17.2.jar;C:\Users\Жанарбай\.m2\repository\com\gluonhq\attach\storage\4.0.13\storage-4.0.13.jar;C:\Users\Жанарбай\.m2\repository\com\github\almasb\fxgl-entity\17.2\fxgl-entity-17.2.jar;C:\Users\Жанарбай\.m2\repository\org\openjfx\javafx-base\19\javafx-base-19-win.jar;C:\Users\Жанарбай\.m2\repository\org\kordamp\ikonli\ikonli-core\12.3.1\ikonli-core-12.3.1.jar;C:\Users\Жанарбай\Desktop\frameworks\SPRING\demo2lastihope\target\classes;C:\Users\Жанарбай\.m2\repository\com\github\almasb\fxgl-scene\17.2\fxgl-scene-17.2.jar;C:\Users\Жанарбай\.m2\repository\com\dlsc\formsfx\formsfx-core\11.5.0\formsfx-core-11.5.0.jar;C:\Users\Жанарбай\.m2\repository\org\openjfx\javafx-fxml\19\javafx-fxml-19-win.jar;C:\Users\Жанарбай\.m2\repository\org\controlsfx\controlsfx\11.1.2\controlsfx-11.1.2.jar;C:\Users\Жанарбай\.m2\repository\net\synedra\validatorfx\0.4.0\validatorfx-0.4.0.jar;C:\Users\Жанарбай\.m2\repository\com\fasterxml\jackson\core\jackson-core\2.12.1\jackson-core-2.12.1.jar;C:\Users\Жанарбай\.m2\repository\org\openjfx\javafx-media\19\javafx-media-19-win.jar;C:\Users\Жанарбай\.m2\repository\org\openjfx\javafx-controls\19\javafx-controls-19-win.jar;C:\Users\Жанарбай\.m2\repository\com\github\almasb\fxgl\17.2\fxgl-17.2.jar;C:\Users\Жанарбай\.m2\repository\org\openjfx\javafx-web\19\javafx-web-19-win.jar;C:\Users\Жанарбай\.m2\repository\com\fasterxml\jackson\core\jackson-databind\2.12.1\jackson-databind-2.12.1.jar;C:\Users\Жанарбай\.m2\repository\org\kordamp\bootstrapfx\bootstrapfx-core\0.4.0\bootstrapfx-core-0.4.0.jar;C:\Users\Жанарбай\.m2\repository\com\fasterxml\jackson\core\jackson-annotations\2.12.1\jackson-annotations-2.12.1.jar;C:\Users\Жанарбай\.m2\repository\com\gluonhq\attach\audio\4.0.13\audio-4.0.13-Djdk.module.main=com.example.demo2lastihope com.example.demo2lastihope/com.example.demo2lastihope.HelloApplication

Host: 11th Gen Intel(R) Core(TM) i7-1165G7 @ 2.80GHz, 8 cores, 7G,  Windows 10 , 64 bit Build 19041 (10.0.19041.1202)
Time: Sat Nov 18 22:45:26 2023  Windows 10 , 64 bit Build 19041 (10.0.19041.1202) elapsed time: 0.016630 seconds (0d 0h 0m 0s)

---------------  T H R E A D  ---------------

Current thread (0x000001db673d44a0):  JavaThread "Unknown thread" [_thread_in_vm, id=3756, stack(0x00000045a5700000,0x00000045a5800000)]

Stack: [0x00000045a5700000,0x00000045a5800000]
Native frames: (J=compiled Java code, j=interpreted, Vv=VM code, C=native code)
V  [jvm.dll+0x6ee21a]
V  [jvm.dll+0x85765e]
V  [jvm.dll+0x85904e]
V  [jvm.dll+0x859703]
V  [jvm.dll+0x28298f]
V  [jvm.dll+0x6eb009]
V  [jvm.dll+0x6dfbaa]
V  [jvm.dll+0x3573f6]
V  [jvm.dll+0x35ee56]
V  [jvm.dll+0x3b541e]
V  [jvm.dll+0x3b564f]
V  [jvm.dll+0x32c9ea]
V  [jvm.dll+0x32d89e]
V  [jvm.dll+0x821780]
V  [jvm.dll+0x3c2661]
V  [jvm.dll+0x801f51]
V  [jvm.dll+0x44ae8f]
V  [jvm.dll+0x44c811]
C  [jli.dll+0x5287]
C  [ucrtbase.dll+0x21bb2]
C  [KERNEL32.DLL+0x17034]
C  [ntdll.dll+0x52651]


---------------  P R O C E S S  ---------------

Threads class SMR info:
_java_thread_list=0x00007ff8ab31d048, length=0, elements={
}

Java Threads: ( => current thread )

Other Threads:
  0x000001db67431a60 WorkerThread "GC Thread#0" [stack: 0x00000045a5800000,0x00000045a5900000] [id=2804]
  0x000001db674421e0 ConcurrentGCThread "G1 Main Marker" [stack: 0x00000045a5900000,0x00000045a5a00000] [id=3992]
  0x000001db674433b0 WorkerThread "G1 Conc#0" [stack: 0x00000045a5a00000,0x00000045a5b00000] [id=3716]

[error occurred during error reporting (printing all threads), id 0xc0000005, EXCEPTION_ACCESS_VIOLATION (0xc0000005) at pc=0x00007ff8aaadd427]

VM state: not at safepoint (not fully initialized)

VM Mutex/Monitor currently owned by a thread:  ([mutex/lock_event])
[0x000001db673cfce0] Heap_lock - owner thread: 0x000001db673d44a0

Heap address: 0x0000000084c00000, size: 1972 MB, Compressed Oops mode: 32-bit

CDS archive(s) mapped at: [0x0000000000000000-0x0000000000000000-0x0000000000000000), size 0, SharedBaseAddress: 0x0000000800000000, ArchiveRelocationMode: 0.
Narrow klass base: 0x0000000000000000, Narrow klass shift: 0, Narrow klass range: 0x0

GC Precious Log:
 CardTable entry size: 512
 Card Set container configuration: InlinePtr #cards 5 size 8 Array Of Cards #cards 12 size 40 Howl #buckets 4 coarsen threshold 1843 Howl Bitmap #cards 512 size 80 coarsen threshold 460 Card regions per heap region 1 cards per card region 2048

Heap:
 garbage-first heap   total 0K, used 0K [0x0000000084c00000, 0x0000000100000000)
  region size 1024K, 0 young (0K), 0 survivors (0K)

[error occurred during error reporting (printing heap information), id 0xc0000005, EXCEPTION_ACCESS_VIOLATION (0xc0000005) at pc=0x00007ff8aaee6649]

GC Heap History (0 events):
No events

Dll operation events (1 events):
Event: 0.011 Loaded shared library C:\Program Files\Java\jdk-19\bin\java.dll

Deoptimization events (0 events):
No events

Classes loaded (0 events):
No events

Classes unloaded (0 events):
No events

Classes redefined (0 events):
No events

Internal exceptions (0 events):
No events

VM Operations (0 events):
No events

Events (0 events):
No events


Dynamic libraries:
0x00007ff798470000 - 0x00007ff798480000 	C:\Program Files\Java\jdk-19\bin\java.exe
0x00007ff9258b0000 - 0x00007ff925aa5000 	C:\Windows\SYSTEM32\ntdll.dll
0x00007ff924310000 - 0x00007ff9243ce000 	C:\Windows\System32\KERNEL32.DLL
0x00007ff9233a0000 - 0x00007ff923669000 	C:\Windows\System32\KERNELBASE.dll
0x00007ff923240000 - 0x00007ff923340000 	C:\Windows\System32\ucrtbase.dll
0x00007ff91e310000 - 0x00007ff91e32b000 	C:\Program Files\Java\jdk-19\bin\VCRUNTIME140.dll
0x00007ff91a880000 - 0x00007ff91a898000 	C:\Program Files\Java\jdk-19\bin\jli.dll
0x00007ff9254c0000 - 0x00007ff92556c000 	C:\Windows\System32\ADVAPI32.dll
0x00007ff9253a0000 - 0x00007ff92543e000 	C:\Windows\System32\msvcrt.dll
0x00007ff924f20000 - 0x00007ff924fbb000 	C:\Windows\System32\sechost.dll
0x00007ff924150000 - 0x00007ff92427a000 	C:\Windows\System32\RPCRT4.dll
0x00007ff9250e0000 - 0x00007ff925281000 	C:\Windows\System32\USER32.dll
0x00007ff923080000 - 0x00007ff9230a2000 	C:\Windows\System32\win32u.dll
0x00007ff924b10000 - 0x00007ff924b3b000 	C:\Windows\System32\GDI32.dll
0x00007ff9230b0000 - 0x00007ff9231bb000 	C:\Windows\System32\gdi32full.dll
0x00007ff90c310000 - 0x00007ff90c5aa000 	C:\Windows\WinSxS\amd64_microsoft.windows.common-controls_6595b64144ccf1df_6.0.19041.1110_none_60b5254171f9507e\COMCTL32.dll
0x00007ff923670000 - 0x00007ff92370d000 	C:\Windows\System32\msvcp_win.dll
0x00007ff922b50000 - 0x00007ff922b5a000 	C:\Windows\SYSTEM32\VERSION.dll
0x00007ff924ef0000 - 0x00007ff924f20000 	C:\Windows\System32\IMM32.DLL
0x0000000059cd0000 - 0x0000000059cdc000 	C:\Program Files (x86)\360\Total Security\safemon\SafeWrapper.dll
0x00007ff9081f0000 - 0x00007ff908282000 	C:\Program Files (x86)\360\Total Security\safemon\libzdtp64.dll
0x00007ff9243d0000 - 0x00007ff924b0f000 	C:\Windows\System32\SHELL32.dll
0x00007ff923d80000 - 0x00007ff923dd5000 	C:\Windows\System32\SHLWAPI.dll
0x00007ff920370000 - 0x00007ff92037c000 	C:\Program Files\Java\jdk-19\bin\vcruntime140_1.dll
0x00007ff8f3aa0000 - 0x00007ff8f3b2e000 	C:\Program Files\Java\jdk-19\bin\msvcp140.dll
0x00007ff8aa7a0000 - 0x00007ff8ab460000 	C:\Program Files\Java\jdk-19\bin\server\jvm.dll
0x00007ff8ffb00000 - 0x00007ff8ffb09000 	C:\Windows\SYSTEM32\WSOCK32.dll
0x00007ff908440000 - 0x00007ff908467000 	C:\Windows\SYSTEM32\WINMM.dll
0x00007ff924e80000 - 0x00007ff924eeb000 	C:\Windows\System32\WS2_32.dll
0x00007ff9217e0000 - 0x00007ff9217f2000 	C:\Windows\SYSTEM32\kernel.appcore.dll
0x00007ff918fb0000 - 0x00007ff918fba000 	C:\Program Files\Java\jdk-19\bin\jimage.dll
0x00007ff9214f0000 - 0x00007ff9216d4000 	C:\Windows\SYSTEM32\DBGHELP.DLL
0x00007ff909a00000 - 0x00007ff909a2c000 	C:\Windows\SYSTEM32\dbgcore.DLL
0x00007ff923870000 - 0x00007ff9238f3000 	C:\Windows\System32\bcryptPrimitives.dll
0x00007ff90c7c0000 - 0x00007ff90c7ce000 	C:\Program Files\Java\jdk-19\bin\instrument.dll
0x00007ff918f80000 - 0x00007ff918fa6000 	C:\Program Files\Java\jdk-19\bin\java.dll

dbghelp: loaded successfully - version: 4.0.5 - missing functions: none
symbol engine: initialized successfully - sym options: 0x614 - pdb path: .;C:\Program Files\Java\jdk-19\bin;C:\Windows\SYSTEM32;C:\Windows\WinSxS\amd64_microsoft.windows.common-controls_6595b64144ccf1df_6.0.19041.1110_none_60b5254171f9507e;C:\Program Files (x86)\360\Total Security\safemon;C:\Program Files\Java\jdk-19\bin\server

VM Arguments:
jvm_args: -javaagent:C:\Users\Жанарбай\AppData\Local\JetBrains\IntelliJ IDEA Community Edition 2022.3.2\lib\idea_rt.jar=63292:C:\Users\Жанарбай\AppData\Local\JetBrains\IntelliJ IDEA Community Edition 2022.3.2\bin -Dfile.encoding=UTF-8 -Dsun.stdout.encoding=UTF-8 -Dsun.stderr.encoding=UTF-8 --module-path=C:\Users\Жанарбай\.m2\repository\org\jetbrains\kotlin\kotlin-stdlib\1.6.0\kotlin-stdlib-1.6.0-modular.jar;C:\Users\Жанарбай\.m2\repository\com\github\almasb\fxgl-core\17.2\fxgl-core-17.2.jar;C:\Users\Жанарбай\.m2\repository\com\github\almasb\fxgl-io\17.2\fxgl-io-17.2.jar;C:\Users\Жанарбай\.m2\repository\com\gluonhq\attach\storage\4.0.13\storage-4.0.13.jar;C:\Users\Жанарбай\.m2\repository\com\github\almasb\fxgl-entity\17.2\fxgl-entity-17.2.jar;C:\Users\Жанарбай\.m2\repository\org\openjfx\javafx-base\19\javafx-base-19-win.jar;C:\Users\Жанарбай\.m2\repository\org\kordamp\ikonli\ikonli-core\12.3.1\ikonli-core-12.3.1.jar;C:\Users\Жанарбай\Desktop\frameworks\SPRING\demo2lastihope\target\classes;C:\Users\Жанарбай\.m2\repository\com\github\almasb\fxgl-scene\17.2\fxgl-scene-17.2.jar;C:\Users\Жанарбай\.m2\repository\com\dlsc\formsfx\formsfx-core\11.5.0\formsfx-core-11.5.0.jar;C:\Users\Жанарбай\.m2\repository\org\openjfx\javafx-fxml\19\javafx-fxml-19-win.jar;C:\Users\Жанарбай\.m2\repository\org\controlsfx\controlsfx\11.1.2\controlsfx-11.1.2.jar;C:\Users\Жанарбай\.m2\repository\net\synedra\validatorfx\0.4.0\validatorfx-0.4.0.jar;C:\Users\Жанарбай\.m2\repository\com\fasterxml\jackson\core\jackson-core\2.12.1\jackson-core-2.12.1.jar;C:\Users\Жанарбай\.m2\repository\org\openjfx\javafx-media\19\javafx-media-19-win.jar;C:\Users\Жанарбай\.m2\repository\org\openjfx\javafx-controls\19\javafx-controls-19-win.jar;C:\Users\Жанарбай\.m2\repository\com\github\almasb\fxgl\17.2\fxgl-17.2.jar;C:\Users\Жанарбай\.m2\repository\org\openjfx\javafx-web\19\javafx-web-19-win.jar;C:\Users\Жанарбай\.m2\repository\com\fasterxml\jackson\core\jackson-databind\2.12.1\jackson-databind-2.12.1.jar;C:\Users\Жанарбай\.m2\repository\org\kordamp\bootstrapfx\bootstrapfx-core\0.4.0\bootstrapfx-core-0.4.0.jar;C:\Users\Жанарбай\.m2\repository\com\fasterxml\jackson\core\jackson-annotations\2.12.1\jackson-annotations-2.12.1.jar;C:\Users\Жанарбай\.m2\repository\com\gluonhq\attach\audio\4.0.13\audio-4.0.13-Djdk.module.main=com.example.demo2lastihope 
java_command: com.example.demo2lastihope/com.example.demo2lastihope.HelloApplication
java_class_path (initial): C:\Users\Жанарбай\.m2\repository\org\openjfx\javafx-controls\19\javafx-controls-19.jar;C:\Users\Жанарбай\.m2\repository\org\openjfx\javafx-graphics\19\javafx-graphics-19.jar;C:\Users\Жанарбай\.m2\repository\org\openjfx\javafx-base\19\javafx-base-19.jar;C:\Users\Жанарбай\.m2\repository\org\openjfx\javafx-fxml\19\javafx-fxml-19.jar;C:\Users\Жанарбай\.m2\repository\org\openjfx\javafx-web\19\javafx-web-19.jar;C:\Users\Жанарбай\.m2\repository\org\openjfx\javafx-media\19\javafx-media-19.jar;C:\Users\Жанарбай\.m2\repository\org\jetbrains\annotations\13.0\annotations-13.0.jar;C:\Users\Жанарбай\.m2\repository\org\jetbrains\kotlin\kotlin-stdlib-common\1.6.0\kotlin-stdlib-common-1.6.0.jar
Launcher Type: SUN_STANDARD

[Global flags]
     intx CICompilerCount                          = 4                                         {product} {ergonomic}
     uint ConcGCThreads                            = 2                                         {product} {ergonomic}
     uint G1ConcRefinementThreads                  = 8                                         {product} {ergonomic}
   size_t G1HeapRegionSize                         = 1048576                                   {product} {ergonomic}
    uintx GCDrainStackTargetSize                   = 64                                        {product} {ergonomic}
   size_t InitialHeapSize                          = 130023424                                 {product} {ergonomic}
   size_t MarkStackSize                            = 4194304                                   {product} {ergonomic}
   size_t MaxHeapSize                              = 2067791872                                {product} {ergonomic}
   size_t MinHeapDeltaBytes                        = 1048576                                   {product} {ergonomic}
   size_t MinHeapSize                              = 8388608                                   {product} {ergonomic}
    uintx NonNMethodCodeHeapSize                   = 5839372                                {pd product} {ergonomic}
    uintx NonProfiledCodeHeapSize                  = 122909434                              {pd product} {ergonomic}
    uintx ProfiledCodeHeapSize                     = 122909434                              {pd product} {ergonomic}
    uintx ReservedCodeCacheSize                    = 251658240                              {pd product} {ergonomic}
     bool SegmentedCodeCache                       = true                                      {product} {ergonomic}
   size_t SoftMaxHeapSize                          = 2067791872                             {manageable} {ergonomic}
     bool UseCompressedClassPointers               = true                           {product lp64_product} {ergonomic}
     bool UseCompressedOops                        = true                           {product lp64_product} {ergonomic}
     bool UseG1GC                                  = true                                      {product} {ergonomic}
     bool UseLargePagesIndividualAllocation        = false                                  {pd product} {ergonomic}

Logging:
Log output configuration:
 #0: stdout all=warning uptime,level,tags foldmultilines=false
 #1: stderr all=off uptime,level,tags foldmultilines=false

Environment Variables:
JAVA_HOME=C:\Program Files\Android\Android Studio\jre
PATH=C:\Program Files\Common Files\Oracle\Java\javapath;C:\Windows\system32;C:\Windows;C:\Windows\System32\Wbem;C:\Windows\System32\WindowsPowerShell\v1.0\;C:\Program Files\Git\cmd;C:\Program Files\Java\jdk-19\bin;C:\Program Files\nodejs\;C:\Program Files\Microsoft SQL Server\120\DTS\Binn\;C:\Program Files\Microsoft SQL Server\Client SDK\ODBC\110\Tools\Binn\;C:\Program Files (x86)\Microsoft SQL Server\120\Tools\Binn\;C:\Program Files\Microsoft SQL Server\120\Tools\Binn\;C:\Program Files (x86)\Microsoft SQL Server\120\Tools\Binn\ManagementStudio\;C:\Program Files (x86)\Microsoft SQL Server\120\DTS\Binn\;C:\Program Files\MySQL\MySQL Shell 8.0\bin\;C:\Users\Жанарбай\AppData\Local\Microsoft\WindowsApps;C:\Users\Жанарбай\AppData\Local\Programs\Microsoft VS Code\bin;C:\Program Files\JetBrains\PyCharm Community Edition 2022.2.3\bin;;C:\Users\Жанарбай\AppData\Local\GitHubDesktop\bin;C:\Users\Жанарбай\AppData\Roaming\npm;C:\Program Files\JetBrains\IntelliJ IDEA 2023.1.1\bin;;C:\flutter;C:\flutter\bin;G:\Sdk;
USERNAME=Жанарбай
OS=Windows_NT
PROCESSOR_IDENTIFIER=Intel64 Family 6 Model 140 Stepping 1, GenuineIntel
TMP=C:\Users\46FB~1\AppData\Local\Temp
TEMP=C:\Users\46FB~1\AppData\Local\Temp



---------------  S Y S T E M  ---------------

OS:
 Windows 10 , 64 bit Build 19041 (10.0.19041.1202)
OS uptime: 0 days 0:31 hours

CPU: total 8 (initial active 8) (4 cores per cpu, 2 threads per core) family 6 model 140 stepping 1 microcode 0xa4, cx8, cmov, fxsr, ht, mmx, 3dnowpref, sse, sse2, sse3, ssse3, sse4.1, sse4.2, popcnt, lzcnt, tsc, tscinvbit, avx, avx2, aes, erms, clmul, bmi1, bmi2, adx, avx512f, avx512dq, avx512cd, avx512bw, avx512vl, sha, fma, vzeroupper, avx512_vpopcntdq, avx512_vpclmulqdq, avx512_vaes, avx512_vnni, clflush, clflushopt, clwb, avx512_vbmi2, avx512_vbmi, rdtscp, rdpid, fsrm, gfni, avx512_bitalg

Memory: 4k page, system-wide physical 7883M (456M free)
TotalPageFile size 7883M (AvailPageFile size 40M)
current process WorkingSet (physical memory assigned to process): 11M, peak: 11M
current process commit charge ("private bytes"): 60M, peak: 184M

vm_info: Java HotSpot(TM) 64-Bit Server VM (19.0.2+7-44) for windows-amd64 JRE (19.0.2+7-44), built on 2022-11-30T18:02:09Z by "mach5one" with MS VC++ 17.1 (VS2022)

END.
