#
# There is insufficient memory for the Java Runtime Environment to continue.
# Native memory allocation (malloc) failed to allocate 201712 bytes for Chunk::new
# Possible reasons:
#   The system is out of physical RAM or swap space
#   The process is running with CompressedOops enabled, and the Java Heap may be blocking the growth of the native heap
# Possible solutions:
#   Reduce memory load on the system
#   Increase physical memory or swap space
#   Check if swap backing store is full
#   Decrease Java heap size (-Xmx/-Xms)
#   Decrease number of Java threads
#   Decrease Java thread stack sizes (-Xss)
#   Set larger code cache with -XX:ReservedCodeCacheSize=
#   JVM is running with Unscaled Compressed Oops mode in which the Java heap is
#     placed in the first 4GB address space. The Java Heap base address is the
#     maximum limit for the native heap growth. Please use -XX:HeapBaseMinAddress
#     to set the Java Heap base and to place the Java Heap above 4GB virtual address.
# This output file may be truncated or incomplete.
#
#  Out of Memory Error (arena.cpp:184), pid=10912, tid=12168
#
# JRE version: Java(TM) SE Runtime Environment (19.0.2+7) (build 19.0.2+7-44)
# Java VM: Java HotSpot(TM) 64-Bit Server VM (19.0.2+7-44, mixed mode, sharing, tiered, compressed oops, compressed class ptrs, g1 gc, windows-amd64)
# No core dump will be written. Minidumps are not enabled by default on client versions of Windows
#

---------------  S U M M A R Y ------------

Command Line: -javaagent:C:\Users\Жанарбай\AppData\Local\JetBrains\IntelliJ IDEA Community Edition 2022.3.2\lib\idea_rt.jar=49750:C:\Users\Жанарбай\AppData\Local\JetBrains\IntelliJ IDEA Community Edition 2022.3.2\bin -Dfile.encoding=UTF-8 -Dsun.stdout.encoding=UTF-8 -Dsun.stderr.encoding=UTF-8 --module-path=C:\Users\Жанарбай\.m2\repository\org\jetbrains\kotlin\kotlin-stdlib\1.6.0\kotlin-stdlib-1.6.0-modular.jar;C:\Users\Жанарбай\.m2\repository\com\gluonhq\attach\storage\4.0.13\storage-4.0.13.jar;C:\Users\Жанарбай\.m2\repository\com\github\almasb\fxgl-scene\17.2\fxgl-scene-17.2.jar;C:\Users\Жанарбай\.m2\repository\org\kordamp\bootstrapfx\bootstrapfx-core\0.4.0\bootstrapfx-core-0.4.0.jar;C:\Users\Жанарбай\.m2\repository\org\openjfx\javafx-fxml\19\javafx-fxml-19-win.jar;C:\Users\Жанарбай\.m2\repository\org\kordamp\ikonli\ikonli-javafx\12.3.1\ikonli-javafx-12.3.1.jar;C:\Users\Жанарбай\.m2\repository\com\dlsc\formsfx\formsfx-core\11.5.0\formsfx-core-11.5.0.jar;C:\Users\Жанарбай\.m2\repository\com\github\almasb\fxgl-io\17.2\fxgl-io-17.2.jar;C:\Users\Жанарбай\.m2\repository\com\fasterxml\jackson\core\jackson-core\2.12.1\jackson-core-2.12.1.jar;C:\Users\Жанарбай\.m2\repository\com\gluonhq\attach\util\4.0.13\util-4.0.13.jar;C:\Users\Жанарбай\.m2\repository\org\controlsfx\controlsfx\11.1.2\controlsfx-11.1.2.jar;C:\Users\Жанарбай\.m2\repository\com\github\almasb\fxgl-entity\17.2\fxgl-entity-17.2.jar;C:\Users\Жанарбай\.m2\repository\com\github\almasb\fxgl\17.2\fxgl-17.2.jar;C:\Users\Жанарбай\.m2\repository\com\github\almasb\fxgl-gameplay\17.2\fxgl-gameplay-17.2.jar;C:\Users\Жанарбай\.m2\repository\org\kordamp\ikonli\ikonli-core\12.3.1\ikonli-core-12.3.1.jar;C:\Users\Жанарбай\.m2\repository\com\fasterxml\jackson\core\jackson-annotations\2.12.1\jackson-annotations-2.12.1.jar;C:\Users\Жанарбай\.m2\repository\org\openjfx\javafx-media\19\javafx-media-19-win.jar;C:\Users\Жанарбай\.m2\repository\org\openjfx\javafx-web\19\javafx-web-19-win.jar;C:\Users\Жанарбай\.m2\repository\com\github\almasb\fxgl-core\17.2\fxgl-core-17.2.jar;C:\Users\Жанарбай\.m2\repository\org\openjfx\javafx-base\19\javafx-base-19-win.jar;C:\Users\Жанарбай\.m2\repository\org\openjfx\javafx-controls\19\javafx-controls-19-win.jar;C:\Users\Жанарбай\.m2\repository\com\gluonhq\attach\lifecycle\4.0.13\lifecycl-Djdk.module.main=com.example.demo2lastihope com.example.demo2lastihope/com.example.demo2lastihope.HelloApplication

Host: 11th Gen Intel(R) Core(TM) i7-1165G7 @ 2.80GHz, 8 cores, 7G,  Windows 10 , 64 bit Build 19041 (10.0.19041.1202)
Time: Mon Nov 20 10:25:16 2023  Windows 10 , 64 bit Build 19041 (10.0.19041.1202) elapsed time: 0.169290 seconds (0d 0h 0m 0s)

---------------  T H R E A D  ---------------

Current thread (0x00000229255afe20):  JavaThread "C2 CompilerThread1" daemon [_thread_in_native, id=12168, stack(0x000000daffd00000,0x000000daffe00000)]


Current CompileTask:
C2:    169  512       4       java.util.HashMap::putVal (300 bytes)

Stack: [0x000000daffd00000,0x000000daffe00000]
Native frames: (J=compiled Java code, j=interpreted, Vv=VM code, C=native code)
V  [jvm.dll+0x6ee21a]
V  [jvm.dll+0x85765e]
V  [jvm.dll+0x85904e]
V  [jvm.dll+0x859703]
V  [jvm.dll+0x28298f]
V  [jvm.dll+0xc9adf]
V  [jvm.dll+0xc9e65]
V  [jvm.dll+0x3bca4c]
V  [jvm.dll+0x3860e1]
V  [jvm.dll+0x38555a]
V  [jvm.dll+0x24c3d9]
V  [jvm.dll+0x24b781]
V  [jvm.dll+0x1d6ce1]
V  [jvm.dll+0x25b25a]
V  [jvm.dll+0x2596e8]
V  [jvm.dll+0x807588]
V  [jvm.dll+0x80125a]
V  [jvm.dll+0x6ecf0b]
C  [ucrtbase.dll+0x21bb2]
C  [KERNEL32.DLL+0x17034]
C  [ntdll.dll+0x52651]


---------------  P R O C E S S  ---------------

Threads class SMR info:
_java_thread_list=0x0000022925816130, length=14, elements={
0x0000022902a33990, 0x000002292104ef10, 0x000002292104f930, 0x00000229210519a0,
0x0000022921052500, 0x00000229210581d0, 0x0000022921057c80, 0x000002292105c000,
0x000002292105f8f0, 0x0000022921058720, 0x0000022921056c90, 0x00000229255afe20,
0x0000022921056740, 0x0000022921057730
}

Java Threads: ( => current thread )
  0x0000022902a33990 JavaThread "main" [_thread_in_vm, id=2624, stack(0x000000dafec00000,0x000000dafed00000)]
  0x000002292104ef10 JavaThread "Reference Handler" daemon [_thread_blocked, id=12448, stack(0x000000daff300000,0x000000daff400000)]
  0x000002292104f930 JavaThread "Finalizer" daemon [_thread_blocked, id=1748, stack(0x000000daff400000,0x000000daff500000)]
  0x00000229210519a0 JavaThread "Signal Dispatcher" daemon [_thread_blocked, id=5032, stack(0x000000daff500000,0x000000daff600000)]
  0x0000022921052500 JavaThread "Attach Listener" daemon [_thread_blocked, id=9368, stack(0x000000daff600000,0x000000daff700000)]
  0x00000229210581d0 JavaThread "Service Thread" daemon [_thread_blocked, id=12716, stack(0x000000daff700000,0x000000daff800000)]
  0x0000022921057c80 JavaThread "Monitor Deflation Thread" daemon [_thread_blocked, id=6496, stack(0x000000daff800000,0x000000daff900000)]
  0x000002292105c000 JavaThread "C2 CompilerThread0" daemon [_thread_in_native, id=1664, stack(0x000000daff900000,0x000000daffa00000)]
  0x000002292105f8f0 JavaThread "C1 CompilerThread0" daemon [_thread_blocked, id=11860, stack(0x000000daffa00000,0x000000daffb00000)]
  0x0000022921058720 JavaThread "Sweeper thread" daemon [_thread_blocked, id=10868, stack(0x000000daffb00000,0x000000daffc00000)]
  0x0000022921056c90 JavaThread "Common-Cleaner" daemon [_thread_blocked, id=2200, stack(0x000000daffc00000,0x000000daffd00000)]
=>0x00000229255afe20 JavaThread "C2 CompilerThread1" daemon [_thread_in_native, id=12168, stack(0x000000daffd00000,0x000000daffe00000)]
  0x0000022921056740 JavaThread "Monitor Ctrl-Break" daemon [_thread_in_vm, id=12876, stack(0x000000daffe00000,0x000000dafff00000)]
  0x0000022921057730 JavaThread "Notification Thread" daemon [_thread_blocked, id=9600, stack(0x000000dafff00000,0x000000db00000000)]

Other Threads:
  0x0000022921036020 VMThread "VM Thread" [stack: 0x000000daff200000,0x000000daff300000] [id=1732]
  0x0000022925872180 WatcherThread "VM Periodic Task Thread" [stack: 0x000000da80000000,0x000000da80100000] [id=11804]
  0x0000022902a91020 WorkerThread "GC Thread#0" [stack: 0x000000dafed00000,0x000000dafee00000] [id=6672]
  0x0000022902aa17a0 ConcurrentGCThread "G1 Main Marker" [stack: 0x000000dafee00000,0x000000dafef00000] [id=8376]
  0x0000022902aa2970 WorkerThread "G1 Conc#0" [stack: 0x000000dafef00000,0x000000daff000000] [id=6400]
  0x0000022920eea570 ConcurrentGCThread "G1 Refine#0" [stack: 0x000000daff000000,0x000000daff100000] [id=7380]
  0x0000022920eec2d0 ConcurrentGCThread "G1 Service" [stack: 0x000000daff100000,0x000000daff200000] [id=3268]

Threads with active compile tasks:
C2 CompilerThread0      188  590       4       jdk.internal.org.objectweb.asm.ByteVector::putUTF8 (144 bytes)
C2 CompilerThread1      188  512       4       java.util.HashMap::putVal (300 bytes)

VM state: not at safepoint (normal execution)

VM Mutex/Monitor currently owned by a thread: None

Heap address: 0x0000000084c00000, size: 1972 MB, Compressed Oops mode: 32-bit

CDS archive(s) mapped at: [0x0000000800000000-0x0000000800c40000-0x0000000800c40000), size 12845056, SharedBaseAddress: 0x0000000800000000, ArchiveRelocationMode: 0.
Compressed class space mapped at: 0x0000000801000000-0x0000000841000000, reserved size: 1073741824
Narrow klass base: 0x0000000800000000, Narrow klass shift: 0, Narrow klass range: 0x100000000

GC Precious Log:
 CardTable entry size: 512
 Card Set container configuration: InlinePtr #cards 5 size 8 Array Of Cards #cards 12 size 40 Howl #buckets 4 coarsen threshold 1843 Howl Bitmap #cards 512 size 80 coarsen threshold 460 Card regions per heap region 1 cards per card region 2048
 CPUs: 8 total, 8 available
 Memory: 7883M
 Large Page Support: Disabled
 NUMA Support: Disabled
 Compressed Oops: Enabled (32-bit)
 Heap Region Size: 1M
 Heap Min Capacity: 8M
 Heap Initial Capacity: 124M
 Heap Max Capacity: 1972M
 Pre-touch: Disabled
 Parallel Workers: 8
 Concurrent Workers: 2
 Concurrent Refinement Workers: 8
 Periodic GC: Disabled

Heap:
 garbage-first heap   total 126976K, used 12288K [0x0000000084c00000, 0x0000000100000000)
  region size 1024K, 13 young (13312K), 0 survivors (0K)
 Metaspace       used 1507K, committed 1664K, reserved 1114112K
  class space    used 135K, committed 192K, reserved 1048576K

Heap Regions: E=young(eden), S=young(survivor), O=old, HS=humongous(starts), HC=humongous(continues), CS=collection set, F=free, OA=open archive, CA=closed archive, TAMS=top-at-mark-start (previous, next)
|   0|0x0000000084c00000, 0x0000000084c00000, 0x0000000084d00000|  0%| F|  |TAMS 0x0000000084c00000, 0x0000000084c00000| Untracked 
|   1|0x0000000084d00000, 0x0000000084d00000, 0x0000000084e00000|  0%| F|  |TAMS 0x0000000084d00000, 0x0000000084d00000| Untracked 
|   2|0x0000000084e00000, 0x0000000084e00000, 0x0000000084f00000|  0%| F|  |TAMS 0x0000000084e00000, 0x0000000084e00000| Untracked 
|   3|0x0000000084f00000, 0x0000000084f00000, 0x0000000085000000|  0%| F|  |TAMS 0x0000000084f00000, 0x0000000084f00000| Untracked 
|   4|0x0000000085000000, 0x0000000085000000, 0x0000000085100000|  0%| F|  |TAMS 0x0000000085000000, 0x0000000085000000| Untracked 
|   5|0x0000000085100000, 0x0000000085100000, 0x0000000085200000|  0%| F|  |TAMS 0x0000000085100000, 0x0000000085100000| Untracked 
|   6|0x0000000085200000, 0x0000000085200000, 0x0000000085300000|  0%| F|  |TAMS 0x0000000085200000, 0x0000000085200000| Untracked 
|   7|0x0000000085300000, 0x0000000085300000, 0x0000000085400000|  0%| F|  |TAMS 0x0000000085300000, 0x0000000085300000| Untracked 
|   8|0x0000000085400000, 0x0000000085400000, 0x0000000085500000|  0%| F|  |TAMS 0x0000000085400000, 0x0000000085400000| Untracked 
|   9|0x0000000085500000, 0x0000000085500000, 0x0000000085600000|  0%| F|  |TAMS 0x0000000085500000, 0x0000000085500000| Untracked 
|  10|0x0000000085600000, 0x0000000085600000, 0x0000000085700000|  0%| F|  |TAMS 0x0000000085600000, 0x0000000085600000| Untracked 
|  11|0x0000000085700000, 0x0000000085700000, 0x0000000085800000|  0%| F|  |TAMS 0x0000000085700000, 0x0000000085700000| Untracked 
|  12|0x0000000085800000, 0x0000000085800000, 0x0000000085900000|  0%| F|  |TAMS 0x0000000085800000, 0x0000000085800000| Untracked 
|  13|0x0000000085900000, 0x0000000085900000, 0x0000000085a00000|  0%| F|  |TAMS 0x0000000085900000, 0x0000000085900000| Untracked 
|  14|0x0000000085a00000, 0x0000000085a00000, 0x0000000085b00000|  0%| F|  |TAMS 0x0000000085a00000, 0x0000000085a00000| Untracked 
|  15|0x0000000085b00000, 0x0000000085b00000, 0x0000000085c00000|  0%| F|  |TAMS 0x0000000085b00000, 0x0000000085b00000| Untracked 
|  16|0x0000000085c00000, 0x0000000085c00000, 0x0000000085d00000|  0%| F|  |TAMS 0x0000000085c00000, 0x0000000085c00000| Untracked 
|  17|0x0000000085d00000, 0x0000000085d00000, 0x0000000085e00000|  0%| F|  |TAMS 0x0000000085d00000, 0x0000000085d00000| Untracked 
|  18|0x0000000085e00000, 0x0000000085e00000, 0x0000000085f00000|  0%| F|  |TAMS 0x0000000085e00000, 0x0000000085e00000| Untracked 
|  19|0x0000000085f00000, 0x0000000085f00000, 0x0000000086000000|  0%| F|  |TAMS 0x0000000085f00000, 0x0000000085f00000| Untracked 
|  20|0x0000000086000000, 0x0000000086000000, 0x0000000086100000|  0%| F|  |TAMS 0x0000000086000000, 0x0000000086000000| Untracked 
|  21|0x0000000086100000, 0x0000000086100000, 0x0000000086200000|  0%| F|  |TAMS 0x0000000086100000, 0x0000000086100000| Untracked 
|  22|0x0000000086200000, 0x0000000086200000, 0x0000000086300000|  0%| F|  |TAMS 0x0000000086200000, 0x0000000086200000| Untracked 
|  23|0x0000000086300000, 0x0000000086300000, 0x0000000086400000|  0%| F|  |TAMS 0x0000000086300000, 0x0000000086300000| Untracked 
|  24|0x0000000086400000, 0x0000000086400000, 0x0000000086500000|  0%| F|  |TAMS 0x0000000086400000, 0x0000000086400000| Untracked 
|  25|0x0000000086500000, 0x0000000086500000, 0x0000000086600000|  0%| F|  |TAMS 0x0000000086500000, 0x0000000086500000| Untracked 
|  26|0x0000000086600000, 0x0000000086600000, 0x0000000086700000|  0%| F|  |TAMS 0x0000000086600000, 0x0000000086600000| Untracked 
|  27|0x0000000086700000, 0x0000000086700000, 0x0000000086800000|  0%| F|  |TAMS 0x0000000086700000, 0x0000000086700000| Untracked 
|  28|0x0000000086800000, 0x0000000086800000, 0x0000000086900000|  0%| F|  |TAMS 0x0000000086800000, 0x0000000086800000| Untracked 
|  29|0x0000000086900000, 0x0000000086900000, 0x0000000086a00000|  0%| F|  |TAMS 0x0000000086900000, 0x0000000086900000| Untracked 
|  30|0x0000000086a00000, 0x0000000086a00000, 0x0000000086b00000|  0%| F|  |TAMS 0x0000000086a00000, 0x0000000086a00000| Untracked 
|  31|0x0000000086b00000, 0x0000000086b00000, 0x0000000086c00000|  0%| F|  |TAMS 0x0000000086b00000, 0x0000000086b00000| Untracked 
|  32|0x0000000086c00000, 0x0000000086c00000, 0x0000000086d00000|  0%| F|  |TAMS 0x0000000086c00000, 0x0000000086c00000| Untracked 
|  33|0x0000000086d00000, 0x0000000086d00000, 0x0000000086e00000|  0%| F|  |TAMS 0x0000000086d00000, 0x0000000086d00000| Untracked 
|  34|0x0000000086e00000, 0x0000000086e00000, 0x0000000086f00000|  0%| F|  |TAMS 0x0000000086e00000, 0x0000000086e00000| Untracked 
|  35|0x0000000086f00000, 0x0000000086f00000, 0x0000000087000000|  0%| F|  |TAMS 0x0000000086f00000, 0x0000000086f00000| Untracked 
|  36|0x0000000087000000, 0x0000000087000000, 0x0000000087100000|  0%| F|  |TAMS 0x0000000087000000, 0x0000000087000000| Untracked 
|  37|0x0000000087100000, 0x0000000087100000, 0x0000000087200000|  0%| F|  |TAMS 0x0000000087100000, 0x0000000087100000| Untracked 
|  38|0x0000000087200000, 0x0000000087200000, 0x0000000087300000|  0%| F|  |TAMS 0x0000000087200000, 0x0000000087200000| Untracked 
|  39|0x0000000087300000, 0x0000000087300000, 0x0000000087400000|  0%| F|  |TAMS 0x0000000087300000, 0x0000000087300000| Untracked 
|  40|0x0000000087400000, 0x0000000087400000, 0x0000000087500000|  0%| F|  |TAMS 0x0000000087400000, 0x0000000087400000| Untracked 
|  41|0x0000000087500000, 0x0000000087500000, 0x0000000087600000|  0%| F|  |TAMS 0x0000000087500000, 0x0000000087500000| Untracked 
|  42|0x0000000087600000, 0x0000000087600000, 0x0000000087700000|  0%| F|  |TAMS 0x0000000087600000, 0x0000000087600000| Untracked 
|  43|0x0000000087700000, 0x0000000087700000, 0x0000000087800000|  0%| F|  |TAMS 0x0000000087700000, 0x0000000087700000| Untracked 
|  44|0x0000000087800000, 0x0000000087800000, 0x0000000087900000|  0%| F|  |TAMS 0x0000000087800000, 0x0000000087800000| Untracked 
|  45|0x0000000087900000, 0x0000000087900000, 0x0000000087a00000|  0%| F|  |TAMS 0x0000000087900000, 0x0000000087900000| Untracked 
|  46|0x0000000087a00000, 0x0000000087a00000, 0x0000000087b00000|  0%| F|  |TAMS 0x0000000087a00000, 0x0000000087a00000| Untracked 
|  47|0x0000000087b00000, 0x0000000087b00000, 0x0000000087c00000|  0%| F|  |TAMS 0x0000000087b00000, 0x0000000087b00000| Untracked 
|  48|0x0000000087c00000, 0x0000000087c00000, 0x0000000087d00000|  0%| F|  |TAMS 0x0000000087c00000, 0x0000000087c00000| Untracked 
|  49|0x0000000087d00000, 0x0000000087d00000, 0x0000000087e00000|  0%| F|  |TAMS 0x0000000087d00000, 0x0000000087d00000| Untracked 
|  50|0x0000000087e00000, 0x0000000087e00000, 0x0000000087f00000|  0%| F|  |TAMS 0x0000000087e00000, 0x0000000087e00000| Untracked 
|  51|0x0000000087f00000, 0x0000000087f00000, 0x0000000088000000|  0%| F|  |TAMS 0x0000000087f00000, 0x0000000087f00000| Untracked 
|  52|0x0000000088000000, 0x0000000088000000, 0x0000000088100000|  0%| F|  |TAMS 0x0000000088000000, 0x0000000088000000| Untracked 
|  53|0x0000000088100000, 0x0000000088100000, 0x0000000088200000|  0%| F|  |TAMS 0x0000000088100000, 0x0000000088100000| Untracked 
|  54|0x0000000088200000, 0x0000000088200000, 0x0000000088300000|  0%| F|  |TAMS 0x0000000088200000, 0x0000000088200000| Untracked 
|  55|0x0000000088300000, 0x0000000088300000, 0x0000000088400000|  0%| F|  |TAMS 0x0000000088300000, 0x0000000088300000| Untracked 
|  56|0x0000000088400000, 0x0000000088400000, 0x0000000088500000|  0%| F|  |TAMS 0x0000000088400000, 0x0000000088400000| Untracked 
|  57|0x0000000088500000, 0x0000000088500000, 0x0000000088600000|  0%| F|  |TAMS 0x0000000088500000, 0x0000000088500000| Untracked 
|  58|0x0000000088600000, 0x0000000088600000, 0x0000000088700000|  0%| F|  |TAMS 0x0000000088600000, 0x0000000088600000| Untracked 
|  59|0x0000000088700000, 0x0000000088700000, 0x0000000088800000|  0%| F|  |TAMS 0x0000000088700000, 0x0000000088700000| Untracked 
|  60|0x0000000088800000, 0x0000000088800000, 0x0000000088900000|  0%| F|  |TAMS 0x0000000088800000, 0x0000000088800000| Untracked 
|  61|0x0000000088900000, 0x0000000088900000, 0x0000000088a00000|  0%| F|  |TAMS 0x0000000088900000, 0x0000000088900000| Untracked 
|  62|0x0000000088a00000, 0x0000000088a00000, 0x0000000088b00000|  0%| F|  |TAMS 0x0000000088a00000, 0x0000000088a00000| Untracked 
|  63|0x0000000088b00000, 0x0000000088b00000, 0x0000000088c00000|  0%| F|  |TAMS 0x0000000088b00000, 0x0000000088b00000| Untracked 
|  64|0x0000000088c00000, 0x0000000088c00000, 0x0000000088d00000|  0%| F|  |TAMS 0x0000000088c00000, 0x0000000088c00000| Untracked 
|  65|0x0000000088d00000, 0x0000000088d00000, 0x0000000088e00000|  0%| F|  |TAMS 0x0000000088d00000, 0x0000000088d00000| Untracked 
|  66|0x0000000088e00000, 0x0000000088e00000, 0x0000000088f00000|  0%| F|  |TAMS 0x0000000088e00000, 0x0000000088e00000| Untracked 
|  67|0x0000000088f00000, 0x0000000088f00000, 0x0000000089000000|  0%| F|  |TAMS 0x0000000088f00000, 0x0000000088f00000| Untracked 
|  68|0x0000000089000000, 0x0000000089000000, 0x0000000089100000|  0%| F|  |TAMS 0x0000000089000000, 0x0000000089000000| Untracked 
|  69|0x0000000089100000, 0x0000000089100000, 0x0000000089200000|  0%| F|  |TAMS 0x0000000089100000, 0x0000000089100000| Untracked 
|  70|0x0000000089200000, 0x0000000089200000, 0x0000000089300000|  0%| F|  |TAMS 0x0000000089200000, 0x0000000089200000| Untracked 
|  71|0x0000000089300000, 0x0000000089300000, 0x0000000089400000|  0%| F|  |TAMS 0x0000000089300000, 0x0000000089300000| Untracked 
|  72|0x0000000089400000, 0x0000000089400000, 0x0000000089500000|  0%| F|  |TAMS 0x0000000089400000, 0x0000000089400000| Untracked 
|  73|0x0000000089500000, 0x0000000089500000, 0x0000000089600000|  0%| F|  |TAMS 0x0000000089500000, 0x0000000089500000| Untracked 
|  74|0x0000000089600000, 0x0000000089600000, 0x0000000089700000|  0%| F|  |TAMS 0x0000000089600000, 0x0000000089600000| Untracked 
|  75|0x0000000089700000, 0x0000000089700000, 0x0000000089800000|  0%| F|  |TAMS 0x0000000089700000, 0x0000000089700000| Untracked 
|  76|0x0000000089800000, 0x0000000089800000, 0x0000000089900000|  0%| F|  |TAMS 0x0000000089800000, 0x0000000089800000| Untracked 
|  77|0x0000000089900000, 0x0000000089900000, 0x0000000089a00000|  0%| F|  |TAMS 0x0000000089900000, 0x0000000089900000| Untracked 
|  78|0x0000000089a00000, 0x0000000089a00000, 0x0000000089b00000|  0%| F|  |TAMS 0x0000000089a00000, 0x0000000089a00000| Untracked 
|  79|0x0000000089b00000, 0x0000000089b00000, 0x0000000089c00000|  0%| F|  |TAMS 0x0000000089b00000, 0x0000000089b00000| Untracked 
|  80|0x0000000089c00000, 0x0000000089c00000, 0x0000000089d00000|  0%| F|  |TAMS 0x0000000089c00000, 0x0000000089c00000| Untracked 
|  81|0x0000000089d00000, 0x0000000089d00000, 0x0000000089e00000|  0%| F|  |TAMS 0x0000000089d00000, 0x0000000089d00000| Untracked 
|  82|0x0000000089e00000, 0x0000000089e00000, 0x0000000089f00000|  0%| F|  |TAMS 0x0000000089e00000, 0x0000000089e00000| Untracked 
|  83|0x0000000089f00000, 0x0000000089f00000, 0x000000008a000000|  0%| F|  |TAMS 0x0000000089f00000, 0x0000000089f00000| Untracked 
|  84|0x000000008a000000, 0x000000008a000000, 0x000000008a100000|  0%| F|  |TAMS 0x000000008a000000, 0x000000008a000000| Untracked 
|  85|0x000000008a100000, 0x000000008a100000, 0x000000008a200000|  0%| F|  |TAMS 0x000000008a100000, 0x000000008a100000| Untracked 
|  86|0x000000008a200000, 0x000000008a200000, 0x000000008a300000|  0%| F|  |TAMS 0x000000008a200000, 0x000000008a200000| Untracked 
|  87|0x000000008a300000, 0x000000008a300000, 0x000000008a400000|  0%| F|  |TAMS 0x000000008a300000, 0x000000008a300000| Untracked 
|  88|0x000000008a400000, 0x000000008a400000, 0x000000008a500000|  0%| F|  |TAMS 0x000000008a400000, 0x000000008a400000| Untracked 
|  89|0x000000008a500000, 0x000000008a500000, 0x000000008a600000|  0%| F|  |TAMS 0x000000008a500000, 0x000000008a500000| Untracked 
|  90|0x000000008a600000, 0x000000008a600000, 0x000000008a700000|  0%| F|  |TAMS 0x000000008a600000, 0x000000008a600000| Untracked 
|  91|0x000000008a700000, 0x000000008a700000, 0x000000008a800000|  0%| F|  |TAMS 0x000000008a700000, 0x000000008a700000| Untracked 
|  92|0x000000008a800000, 0x000000008a800000, 0x000000008a900000|  0%| F|  |TAMS 0x000000008a800000, 0x000000008a800000| Untracked 
|  93|0x000000008a900000, 0x000000008a900000, 0x000000008aa00000|  0%| F|  |TAMS 0x000000008a900000, 0x000000008a900000| Untracked 
|  94|0x000000008aa00000, 0x000000008aa00000, 0x000000008ab00000|  0%| F|  |TAMS 0x000000008aa00000, 0x000000008aa00000| Untracked 
|  95|0x000000008ab00000, 0x000000008ab00000, 0x000000008ac00000|  0%| F|  |TAMS 0x000000008ab00000, 0x000000008ab00000| Untracked 
|  96|0x000000008ac00000, 0x000000008ac00000, 0x000000008ad00000|  0%| F|  |TAMS 0x000000008ac00000, 0x000000008ac00000| Untracked 
|  97|0x000000008ad00000, 0x000000008ad00000, 0x000000008ae00000|  0%| F|  |TAMS 0x000000008ad00000, 0x000000008ad00000| Untracked 
|  98|0x000000008ae00000, 0x000000008ae00000, 0x000000008af00000|  0%| F|  |TAMS 0x000000008ae00000, 0x000000008ae00000| Untracked 
|  99|0x000000008af00000, 0x000000008af00000, 0x000000008b000000|  0%| F|  |TAMS 0x000000008af00000, 0x000000008af00000| Untracked 
| 100|0x000000008b000000, 0x000000008b000000, 0x000000008b100000|  0%| F|  |TAMS 0x000000008b000000, 0x000000008b000000| Untracked 
| 101|0x000000008b100000, 0x000000008b100000, 0x000000008b200000|  0%| F|  |TAMS 0x000000008b100000, 0x000000008b100000| Untracked 
| 102|0x000000008b200000, 0x000000008b200000, 0x000000008b300000|  0%| F|  |TAMS 0x000000008b200000, 0x000000008b200000| Untracked 
| 103|0x000000008b300000, 0x000000008b300000, 0x000000008b400000|  0%| F|  |TAMS 0x000000008b300000, 0x000000008b300000| Untracked 
| 104|0x000000008b400000, 0x000000008b400000, 0x000000008b500000|  0%| F|  |TAMS 0x000000008b400000, 0x000000008b400000| Untracked 
| 105|0x000000008b500000, 0x000000008b500000, 0x000000008b600000|  0%| F|  |TAMS 0x000000008b500000, 0x000000008b500000| Untracked 
| 106|0x000000008b600000, 0x000000008b600000, 0x000000008b700000|  0%| F|  |TAMS 0x000000008b600000, 0x000000008b600000| Untracked 
| 107|0x000000008b700000, 0x000000008b700000, 0x000000008b800000|  0%| F|  |TAMS 0x000000008b700000, 0x000000008b700000| Untracked 
| 108|0x000000008b800000, 0x000000008b800000, 0x000000008b900000|  0%| F|  |TAMS 0x000000008b800000, 0x000000008b800000| Untracked 
| 109|0x000000008b900000, 0x000000008b900000, 0x000000008ba00000|  0%| F|  |TAMS 0x000000008b900000, 0x000000008b900000| Untracked 
| 110|0x000000008ba00000, 0x000000008ba00000, 0x000000008bb00000|  0%| F|  |TAMS 0x000000008ba00000, 0x000000008ba00000| Untracked 
| 111|0x000000008bb00000, 0x000000008bb76f20, 0x000000008bc00000| 46%| E|  |TAMS 0x000000008bb00000, 0x000000008bb00000| Complete 
| 112|0x000000008bc00000, 0x000000008bd00000, 0x000000008bd00000|100%| E|CS|TAMS 0x000000008bc00000, 0x000000008bc00000| Complete 
| 113|0x000000008bd00000, 0x000000008be00000, 0x000000008be00000|100%| E|CS|TAMS 0x000000008bd00000, 0x000000008bd00000| Complete 
| 114|0x000000008be00000, 0x000000008bf00000, 0x000000008bf00000|100%| E|CS|TAMS 0x000000008be00000, 0x000000008be00000| Complete 
| 115|0x000000008bf00000, 0x000000008c000000, 0x000000008c000000|100%| E|CS|TAMS 0x000000008bf00000, 0x000000008bf00000| Complete 
| 116|0x000000008c000000, 0x000000008c100000, 0x000000008c100000|100%| E|CS|TAMS 0x000000008c000000, 0x000000008c000000| Complete 
| 117|0x000000008c100000, 0x000000008c200000, 0x000000008c200000|100%| E|CS|TAMS 0x000000008c100000, 0x000000008c100000| Complete 
| 118|0x000000008c200000, 0x000000008c300000, 0x000000008c300000|100%| E|CS|TAMS 0x000000008c200000, 0x000000008c200000| Complete 
| 119|0x000000008c300000, 0x000000008c400000, 0x000000008c400000|100%| E|CS|TAMS 0x000000008c300000, 0x000000008c300000| Complete 
| 120|0x000000008c400000, 0x000000008c500000, 0x000000008c500000|100%| E|CS|TAMS 0x000000008c400000, 0x000000008c400000| Complete 
| 121|0x000000008c500000, 0x000000008c600000, 0x000000008c600000|100%| E|CS|TAMS 0x000000008c500000, 0x000000008c500000| Complete 
| 122|0x000000008c600000, 0x000000008c700000, 0x000000008c700000|100%| E|CS|TAMS 0x000000008c600000, 0x000000008c600000| Complete 
| 123|0x000000008c700000, 0x000000008c800000, 0x000000008c800000|100%| E|CS|TAMS 0x000000008c700000, 0x000000008c700000| Complete 

Card table byte_map: [0x000002291a090000,0x000002291a470000] _byte_map_base: 0x0000022919c6a000

Marking Bits (Prev, Next): (CMBitMap*) 0x0000022902a91650, (CMBitMap*) 0x0000022902a91690
 Prev Bits: [0x000002291a850000, 0x000002291c720000)
 Next Bits: [0x000002291c720000, 0x000002291e5f0000)

Polling page: 0x0000022900900000

Metaspace:

Usage:
  Non-class:      1.37 MB used.
      Class:    144.88 KB used.
       Both:      1.52 MB used.

Virtual space:
  Non-class space:       64.00 MB reserved,       1.44 MB (  2%) committed,  1 nodes.
      Class space:        1.00 GB reserved,     192.00 KB ( <1%) committed,  1 nodes.
             Both:        1.06 GB reserved,       1.62 MB ( <1%) committed. 

Chunk freelists:
   Non-Class:  3.73 MB
       Class:  3.69 MB
        Both:  7.42 MB

MaxMetaspaceSize: unlimited
CompressedClassSpaceSize: 1.00 GB
Initial GC threshold: 21.00 MB
Current GC threshold: 21.00 MB
CDS: on
MetaspaceReclaimPolicy: balanced
 - commit_granule_bytes: 65536.
 - commit_granule_words: 8192.
 - virtual_space_node_default_size: 8388608.
 - enlarge_chunks_in_place: 1.
 - new_chunks_are_fully_committed: 0.
 - uncommit_free_chunks: 1.
 - use_allocation_guard: 0.


Internal statistics:

num_allocs_failed_limit: 0.
num_arena_births: 52.
num_arena_deaths: 0.
num_vsnodes_births: 2.
num_vsnodes_deaths: 0.
num_space_committed: 27.
num_space_uncommitted: 0.
num_chunks_returned_to_freelist: 0.
num_chunks_taken_from_freelist: 69.
num_chunk_merges: 0.
num_chunk_splits: 47.
num_chunks_enlarged: 33.
num_inconsistent_stats: 0.

CodeHeap 'non-profiled nmethods': size=120000Kb used=223Kb max_used=223Kb free=119776Kb
 bounds [0x0000022912450000, 0x00000229126c0000, 0x0000022919980000]
CodeHeap 'profiled nmethods': size=120000Kb used=924Kb max_used=924Kb free=119075Kb
 bounds [0x000002290a980000, 0x000002290abf0000, 0x0000022911eb0000]
CodeHeap 'non-nmethods': size=5760Kb used=1229Kb max_used=1244Kb free=4530Kb
 bounds [0x0000022911eb0000, 0x0000022912120000, 0x0000022912450000]
 total_blobs=1047 nmethods=629 adapters=329
 compilation: enabled
              stopped_count=0, restarted_count=0
 full_count=0

Compilation events (20 events):
Event: 0.164 Thread 0x000002292105f8f0 nmethod 532 0x000002290aa3fb10 code [0x000002290aa3fcc0, 0x000002290aa3feb8]
Event: 0.164 Thread 0x000002292105f8f0  533   !   3       java.io.RandomAccessFile::seek (42 bytes)
Event: 0.164 Thread 0x000002292105f8f0 nmethod 533 0x000002290aa3ff90 code [0x000002290aa40180, 0x000002290aa40468]
Event: 0.166 Thread 0x000002292105f8f0  535       1       java.lang.invoke.MethodTypeForm::parameterSlotCount (5 bytes)
Event: 0.166 Thread 0x000002292105f8f0 nmethod 535 0x000002291247bd10 code [0x000002291247bea0, 0x000002291247bf58]
Event: 0.166 Thread 0x000002292105f8f0  537       3       jdk.internal.org.objectweb.asm.ByteVector::put12 (64 bytes)
Event: 0.166 Thread 0x000002292105f8f0 nmethod 537 0x000002290aa40610 code [0x000002290aa407c0, 0x000002290aa409e8]
Event: 0.166 Thread 0x000002292105f8f0  539       3       java.lang.invoke.MemberName::getMethodOrFieldType (72 bytes)
Event: 0.167 Thread 0x000002292105f8f0 nmethod 539 0x000002290aa40b90 code [0x000002290aa40ee0, 0x000002290aa41da8]
Event: 0.167 Thread 0x000002292105f8f0  540       3       java.util.Arrays::equals (57 bytes)
Event: 0.167 Thread 0x000002292105f8f0 nmethod 540 0x000002290aa42310 code [0x000002290aa42500, 0x000002290aa42ac8]
Event: 0.167 Thread 0x000002292105f8f0  541   !   3       java.lang.invoke.MemberName::clone (14 bytes)
Event: 0.168 Thread 0x000002292105f8f0 nmethod 541 0x000002290aa42c90 code [0x000002290aa42e60, 0x000002290aa431d8]
Event: 0.168 Thread 0x000002292105f8f0  545       3       java.lang.invoke.MemberName::initResolved (53 bytes)
Event: 0.168 Thread 0x000002292105f8f0 nmethod 545 0x000002290aa43310 code [0x000002290aa434c0, 0x000002290aa43678]
Event: 0.168 Thread 0x000002292105f8f0  544       3       java.lang.Class::getName (18 bytes)
Event: 0.168 Thread 0x000002292105f8f0 nmethod 544 0x000002290aa43710 code [0x000002290aa438c0, 0x000002290aa43a48]
Event: 0.168 Thread 0x000002292105f8f0  547       3       java.lang.invoke.MemberName::isStatic (8 bytes)
Event: 0.168 Thread 0x000002292105f8f0 nmethod 547 0x000002290aa43b10 code [0x000002290aa43cc0, 0x000002290aa43e98]
Event: 0.168 Thread 0x000002292105f8f0  550       3       jdk.internal.org.objectweb.asm.Frame::execute (2305 bytes)

GC Heap History (0 events):
No events

Dll operation events (7 events):
Event: 0.008 Loaded shared library C:\Program Files\Java\jdk-19\bin\java.dll
Event: 0.017 Loaded shared library C:\Program Files\Java\jdk-19\bin\jsvml.dll
Event: 0.050 Loaded shared library C:\Program Files\Java\jdk-19\bin\net.dll
Event: 0.051 Loaded shared library C:\Program Files\Java\jdk-19\bin\nio.dll
Event: 0.055 Loaded shared library C:\Program Files\Java\jdk-19\bin\zip.dll
Event: 0.159 Loaded shared library C:\Program Files\Java\jdk-19\bin\zip.dll
Event: 0.161 Loaded shared library C:\Program Files\Java\jdk-19\bin\instrument.dll

Deoptimization events (20 events):
Event: 0.148 Thread 0x0000022902a33990 Uncommon trap: trap_request=0xffffffde fr.pc=0x000002291246ee48 relative=0x0000000000000d28
Event: 0.148 Thread 0x0000022902a33990 Uncommon trap: reason=class_check action=maybe_recompile pc=0x000002291246ee48 method=java.util.HashMap.putVal(ILjava/lang/Object;Ljava/lang/Object;ZZ)Ljava/lang/Object; @ 56 c2
Event: 0.148 Thread 0x0000022902a33990 DEOPT PACKING pc=0x000002291246ee48 sp=0x000000dafecfebc0
Event: 0.148 Thread 0x0000022902a33990 DEOPT UNPACKING pc=0x0000022911f1a5a3 sp=0x000000dafecfeac8 mode 2
Event: 0.148 Thread 0x0000022902a33990 Uncommon trap: trap_request=0xffffffde fr.pc=0x000002291246ee48 relative=0x0000000000000d28
Event: 0.148 Thread 0x0000022902a33990 Uncommon trap: reason=class_check action=maybe_recompile pc=0x000002291246ee48 method=java.util.HashMap.putVal(ILjava/lang/Object;Ljava/lang/Object;ZZ)Ljava/lang/Object; @ 56 c2
Event: 0.148 Thread 0x0000022902a33990 DEOPT PACKING pc=0x000002291246ee48 sp=0x000000dafecfebc0
Event: 0.148 Thread 0x0000022902a33990 DEOPT UNPACKING pc=0x0000022911f1a5a3 sp=0x000000dafecfeac8 mode 2
Event: 0.148 Thread 0x0000022902a33990 Uncommon trap: trap_request=0xffffffde fr.pc=0x000002291246ee48 relative=0x0000000000000d28
Event: 0.148 Thread 0x0000022902a33990 Uncommon trap: reason=class_check action=maybe_recompile pc=0x000002291246ee48 method=java.util.HashMap.putVal(ILjava/lang/Object;Ljava/lang/Object;ZZ)Ljava/lang/Object; @ 56 c2
Event: 0.148 Thread 0x0000022902a33990 DEOPT PACKING pc=0x000002291246ee48 sp=0x000000dafecfebc0
Event: 0.148 Thread 0x0000022902a33990 DEOPT UNPACKING pc=0x0000022911f1a5a3 sp=0x000000dafecfeac8 mode 2
Event: 0.150 Thread 0x0000022902a33990 Uncommon trap: trap_request=0xffffff45 fr.pc=0x00000229124624a8 relative=0x0000000000000648
Event: 0.150 Thread 0x0000022902a33990 Uncommon trap: reason=unstable_if action=reinterpret pc=0x00000229124624a8 method=java.util.ImmutableCollections$SetN.probe(Ljava/lang/Object;)I @ 34 c2
Event: 0.150 Thread 0x0000022902a33990 DEOPT PACKING pc=0x00000229124624a8 sp=0x000000dafecfecb0
Event: 0.150 Thread 0x0000022902a33990 DEOPT UNPACKING pc=0x0000022911f1a5a3 sp=0x000000dafecfec50 mode 2
Event: 0.159 Thread 0x0000022902a33990 Uncommon trap: trap_request=0xffffff45 fr.pc=0x000002291245f650 relative=0x0000000000000130
Event: 0.159 Thread 0x0000022902a33990 Uncommon trap: reason=unstable_if action=reinterpret pc=0x000002291245f650 method=java.lang.StringCoding.countPositives([BII)I @ 17 c2
Event: 0.159 Thread 0x0000022902a33990 DEOPT PACKING pc=0x000002291245f650 sp=0x000000dafecfebd0
Event: 0.159 Thread 0x0000022902a33990 DEOPT UNPACKING pc=0x0000022911f1a5a3 sp=0x000000dafecfeb70 mode 2

Classes loaded (20 events):
Event: 0.140 Loading class sun/nio/fs/WindowsDirectoryStream$WindowsDirectoryIterator
Event: 0.140 Loading class sun/nio/fs/WindowsDirectoryStream$WindowsDirectoryIterator done
Event: 0.140 Loading class java/nio/file/FileTreeWalker$Event
Event: 0.140 Loading class java/nio/file/FileTreeWalker$Event done
Event: 0.140 Loading class java/nio/file/FileTreeWalker$EventType
Event: 0.140 Loading class java/nio/file/FileTreeWalker$EventType done
Event: 0.142 Loading class sun/nio/fs/WindowsPath$WindowsPathWithAttributes
Event: 0.142 Loading class sun/nio/fs/BasicFileAttributesHolder
Event: 0.142 Loading class sun/nio/fs/BasicFileAttributesHolder done
Event: 0.142 Loading class sun/nio/fs/WindowsPath$WindowsPathWithAttributes done
Event: 0.160 Loading class sun/instrument/InstrumentationImpl
Event: 0.160 Loading class java/lang/instrument/Instrumentation
Event: 0.160 Loading class java/lang/instrument/Instrumentation done
Event: 0.160 Loading class sun/instrument/InstrumentationImpl done
Event: 0.161 Loading class sun/instrument/TransformerManager
Event: 0.161 Loading class sun/instrument/TransformerManager done
Event: 0.161 Loading class sun/instrument/TransformerManager$TransformerInfo
Event: 0.161 Loading class sun/instrument/TransformerManager$TransformerInfo done
Event: 0.161 Loading class sun/nio/cs/UTF_8$Decoder
Event: 0.161 Loading class sun/nio/cs/UTF_8$Decoder done

Classes unloaded (0 events):
No events

Classes redefined (0 events):
No events

Internal exceptions (4 events):
Event: 0.059 Thread 0x0000022902a33990 Exception <a 'java/lang/NoSuchMethodError'{0x000000008c673c28}: 'java.lang.Object java.lang.invoke.DirectMethodHandle$Holder.invokeVirtual(java.lang.Object, java.lang.Object, java.lang.Object)'> (0x000000008c673c28) 
thrown [s\open\src\hotspot\share\interpreter\linkResolver.cpp, line 774]
Event: 0.090 Thread 0x0000022902a33990 Exception <a 'java/lang/NoSuchMethodError'{0x000000008c472038}: 'void java.lang.invoke.DirectMethodHandle$Holder.invokeSpecial(java.lang.Object, java.lang.Object, java.lang.Object)'> (0x000000008c472038) 
thrown [s\open\src\hotspot\share\interpreter\linkResolver.cpp, line 774]
Event: 0.140 Thread 0x0000022902a33990 Exception <a 'java/lang/NoSuchMethodError'{0x000000008be906d8}: 'void java.lang.invoke.DirectMethodHandle$Holder.invokeVirtual(java.lang.Object, java.lang.Object)'> (0x000000008be906d8) 
thrown [s\open\src\hotspot\share\interpreter\linkResolver.cpp, line 774]
Event: 0.166 Thread 0x0000022902a33990 Exception <a 'java/lang/NoSuchMethodError'{0x000000008bda7af8}: 'void java.lang.invoke.DirectMethodHandle$Holder.invokeStatic(java.lang.Object, java.lang.Object, java.lang.Object)'> (0x000000008bda7af8) 
thrown [s\open\src\hotspot\share\interpreter\linkResolver.cpp, line 774]

VM Operations (4 events):
Event: 0.079 Executing VM operation: HandshakeAllThreads
Event: 0.079 Executing VM operation: HandshakeAllThreads done
Event: 0.148 Executing VM operation: HandshakeAllThreads
Event: 0.148 Executing VM operation: HandshakeAllThreads done

Events (12 events):
Event: 0.018 Thread 0x0000022902a33990 Thread added: 0x0000022902a33990
Event: 0.027 Thread 0x000002292104ef10 Thread added: 0x000002292104ef10
Event: 0.027 Thread 0x000002292104f930 Thread added: 0x000002292104f930
Event: 0.028 Thread 0x00000229210519a0 Thread added: 0x00000229210519a0
Event: 0.028 Thread 0x0000022921052500 Thread added: 0x0000022921052500
Event: 0.028 Thread 0x00000229210581d0 Thread added: 0x00000229210581d0
Event: 0.028 Thread 0x0000022921057c80 Thread added: 0x0000022921057c80
Event: 0.028 Thread 0x000002292105c000 Thread added: 0x000002292105c000
Event: 0.028 Thread 0x000002292105f8f0 Thread added: 0x000002292105f8f0
Event: 0.028 Thread 0x0000022921058720 Thread added: 0x0000022921058720
Event: 0.046 Thread 0x0000022921056c90 Thread added: 0x0000022921056c90
Event: 0.087 Thread 0x00000229255afe20 Thread added: 0x00000229255afe20


Dynamic libraries:
0x00007ff70c780000 - 0x00007ff70c790000 	C:\Program Files\Java\jdk-19\bin\java.exe
0x00007ff912a90000 - 0x00007ff912c85000 	C:\Windows\SYSTEM32\ntdll.dll
0x00007ff911f50000 - 0x00007ff91200e000 	C:\Windows\System32\KERNEL32.DLL
0x00007ff910300000 - 0x00007ff9105c9000 	C:\Windows\System32\KERNELBASE.dll
0x00007ff9107e0000 - 0x00007ff9108e0000 	C:\Windows\System32\ucrtbase.dll
0x00007ff8dde90000 - 0x00007ff8ddeab000 	C:\Program Files\Java\jdk-19\bin\VCRUNTIME140.dll
0x00007ff9035b0000 - 0x00007ff9035c8000 	C:\Program Files\Java\jdk-19\bin\jli.dll
0x00007ff911c60000 - 0x00007ff911d0c000 	C:\Windows\System32\ADVAPI32.dll
0x00007ff910c00000 - 0x00007ff910c9e000 	C:\Windows\System32\msvcrt.dll
0x00007ff910ae0000 - 0x00007ff910b7b000 	C:\Windows\System32\sechost.dll
0x00007ff911120000 - 0x00007ff91124a000 	C:\Windows\System32\RPCRT4.dll
0x00007ff910ca0000 - 0x00007ff910e41000 	C:\Windows\System32\USER32.dll
0x00007ff910230000 - 0x00007ff910252000 	C:\Windows\System32\win32u.dll
0x00007ff910eb0000 - 0x00007ff910edb000 	C:\Windows\System32\GDI32.dll
0x00007ff8fb150000 - 0x00007ff8fb3ea000 	C:\Windows\WinSxS\amd64_microsoft.windows.common-controls_6595b64144ccf1df_6.0.19041.1110_none_60b5254171f9507e\COMCTL32.dll
0x00007ff9109d0000 - 0x00007ff910adb000 	C:\Windows\System32\gdi32full.dll
0x00007ff910260000 - 0x00007ff9102fd000 	C:\Windows\System32\msvcp_win.dll
0x00007ff90fd30000 - 0x00007ff90fd3a000 	C:\Windows\SYSTEM32\VERSION.dll
0x00007ff910f70000 - 0x00007ff910fa0000 	C:\Windows\System32\IMM32.DLL
0x0000000065700000 - 0x000000006570c000 	C:\Program Files (x86)\360\Total Security\safemon\SafeWrapper.dll
0x00007ff8ab360000 - 0x00007ff8ab3f2000 	C:\Program Files (x86)\360\Total Security\safemon\libzdtp64.dll
0x00007ff912300000 - 0x00007ff912a3f000 	C:\Windows\System32\SHELL32.dll
0x00007ff910b80000 - 0x00007ff910bd5000 	C:\Windows\System32\SHLWAPI.dll
0x00007ff90d4c0000 - 0x00007ff90d4cc000 	C:\Program Files\Java\jdk-19\bin\vcruntime140_1.dll
0x00007ff8ab2d0000 - 0x00007ff8ab35e000 	C:\Program Files\Java\jdk-19\bin\msvcp140.dll
0x00007ff887540000 - 0x00007ff888200000 	C:\Program Files\Java\jdk-19\bin\server\jvm.dll
0x00007ff8ed880000 - 0x00007ff8ed889000 	C:\Windows\SYSTEM32\WSOCK32.dll
0x00007ff8f6a90000 - 0x00007ff8f6ab7000 	C:\Windows\SYSTEM32\WINMM.dll
0x00007ff911bf0000 - 0x00007ff911c5b000 	C:\Windows\System32\WS2_32.dll
0x00007ff90e9c0000 - 0x00007ff90e9d2000 	C:\Windows\SYSTEM32\kernel.appcore.dll
0x00007ff8dde80000 - 0x00007ff8dde8a000 	C:\Program Files\Java\jdk-19\bin\jimage.dll
0x00007ff90df30000 - 0x00007ff90e114000 	C:\Windows\SYSTEM32\DBGHELP.DLL
0x00007ff8f60e0000 - 0x00007ff8f610c000 	C:\Windows\SYSTEM32\dbgcore.DLL
0x00007ff910940000 - 0x00007ff9109c3000 	C:\Windows\System32\bcryptPrimitives.dll
0x00007ff90b8b0000 - 0x00007ff90b8be000 	C:\Program Files\Java\jdk-19\bin\instrument.dll
0x00007ff8ddbb0000 - 0x00007ff8ddbd6000 	C:\Program Files\Java\jdk-19\bin\java.dll
0x00007ff8ab1f0000 - 0x00007ff8ab2c7000 	C:\Program Files\Java\jdk-19\bin\jsvml.dll
0x00007ff90e220000 - 0x00007ff90e9b0000 	C:\Windows\SYSTEM32\windows.storage.dll
0x00007ff911890000 - 0x00007ff911be5000 	C:\Windows\System32\combase.dll
0x00007ff90fb90000 - 0x00007ff90fbbc000 	C:\Windows\SYSTEM32\Wldp.dll
0x00007ff911ea0000 - 0x00007ff911f4e000 	C:\Windows\System32\SHCORE.dll
0x00007ff9100f0000 - 0x00007ff91010f000 	C:\Windows\SYSTEM32\profapi.dll
0x00007ff8ddb90000 - 0x00007ff8ddba3000 	C:\Program Files\Java\jdk-19\bin\net.dll
0x00007ff906780000 - 0x00007ff906888000 	C:\Windows\SYSTEM32\WINHTTP.dll
0x00007ff90f880000 - 0x00007ff90f8ea000 	C:\Windows\system32\mswsock.dll
0x00007ff8ddb70000 - 0x00007ff8ddb86000 	C:\Program Files\Java\jdk-19\bin\nio.dll
0x00007ff8ab1d0000 - 0x00007ff8ab1e8000 	C:\Program Files\Java\jdk-19\bin\zip.dll

dbghelp: loaded successfully - version: 4.0.5 - missing functions: none
symbol engine: initialized successfully - sym options: 0x614 - pdb path: .;C:\Program Files\Java\jdk-19\bin;C:\Windows\SYSTEM32;C:\Windows\WinSxS\amd64_microsoft.windows.common-controls_6595b64144ccf1df_6.0.19041.1110_none_60b5254171f9507e;C:\Program Files (x86)\360\Total Security\safemon;C:\Program Files\Java\jdk-19\bin\server

VM Arguments:
jvm_args: -javaagent:C:\Users\Жанарбай\AppData\Local\JetBrains\IntelliJ IDEA Community Edition 2022.3.2\lib\idea_rt.jar=49750:C:\Users\Жанарбай\AppData\Local\JetBrains\IntelliJ IDEA Community Edition 2022.3.2\bin -Dfile.encoding=UTF-8 -Dsun.stdout.encoding=UTF-8 -Dsun.stderr.encoding=UTF-8 --module-path=C:\Users\Жанарбай\.m2\repository\org\jetbrains\kotlin\kotlin-stdlib\1.6.0\kotlin-stdlib-1.6.0-modular.jar;C:\Users\Жанарбай\.m2\repository\com\gluonhq\attach\storage\4.0.13\storage-4.0.13.jar;C:\Users\Жанарбай\.m2\repository\com\github\almasb\fxgl-scene\17.2\fxgl-scene-17.2.jar;C:\Users\Жанарбай\.m2\repository\org\kordamp\bootstrapfx\bootstrapfx-core\0.4.0\bootstrapfx-core-0.4.0.jar;C:\Users\Жанарбай\.m2\repository\org\openjfx\javafx-fxml\19\javafx-fxml-19-win.jar;C:\Users\Жанарбай\.m2\repository\org\kordamp\ikonli\ikonli-javafx\12.3.1\ikonli-javafx-12.3.1.jar;C:\Users\Жанарбай\.m2\repository\com\dlsc\formsfx\formsfx-core\11.5.0\formsfx-core-11.5.0.jar;C:\Users\Жанарбай\.m2\repository\com\github\almasb\fxgl-io\17.2\fxgl-io-17.2.jar;C:\Users\Жанарбай\.m2\repository\com\fasterxml\jackson\core\jackson-core\2.12.1\jackson-core-2.12.1.jar;C:\Users\Жанарбай\.m2\repository\com\gluonhq\attach\util\4.0.13\util-4.0.13.jar;C:\Users\Жанарбай\.m2\repository\org\controlsfx\controlsfx\11.1.2\controlsfx-11.1.2.jar;C:\Users\Жанарбай\.m2\repository\com\github\almasb\fxgl-entity\17.2\fxgl-entity-17.2.jar;C:\Users\Жанарбай\.m2\repository\com\github\almasb\fxgl\17.2\fxgl-17.2.jar;C:\Users\Жанарбай\.m2\repository\com\github\almasb\fxgl-gameplay\17.2\fxgl-gameplay-17.2.jar;C:\Users\Жанарбай\.m2\repository\org\kordamp\ikonli\ikonli-core\12.3.1\ikonli-core-12.3.1.jar;C:\Users\Жанарбай\.m2\repository\com\fasterxml\jackson\core\jackson-annotations\2.12.1\jackson-annotations-2.12.1.jar;C:\Users\Жанарбай\.m2\repository\org\openjfx\javafx-media\19\javafx-media-19-win.jar;C:\Users\Жанарбай\.m2\repository\org\openjfx\javafx-web\19\javafx-web-19-win.jar;C:\Users\Жанарбай\.m2\repository\com\github\almasb\fxgl-core\17.2\fxgl-core-17.2.jar;C:\Users\Жанарбай\.m2\repository\org\openjfx\javafx-base\19\javafx-base-19-win.jar;C:\Users\Жанарбай\.m2\repository\org\openjfx\javafx-controls\19\javafx-controls-19-win.jar;C:\Users\Жанарбай\.m2\repository\com\gluonhq\attach\lifecycle\4.0.13\lifecycl-Djdk.module.main=com.example.demo2lastihope 
java_command: com.example.demo2lastihope/com.example.demo2lastihope.HelloApplication
java_class_path (initial): C:\Users\Жанарбай\.m2\repository\org\openjfx\javafx-controls\19\javafx-controls-19.jar;C:\Users\Жанарбай\.m2\repository\org\openjfx\javafx-graphics\19\javafx-graphics-19.jar;C:\Users\Жанарбай\.m2\repository\org\openjfx\javafx-base\19\javafx-base-19.jar;C:\Users\Жанарбай\.m2\repository\org\openjfx\javafx-fxml\19\javafx-fxml-19.jar;C:\Users\Жанарбай\.m2\repository\org\openjfx\javafx-web\19\javafx-web-19.jar;C:\Users\Жанарбай\.m2\repository\org\openjfx\javafx-media\19\javafx-media-19.jar;C:\Users\Жанарбай\.m2\repository\org\jetbrains\annotations\13.0\annotations-13.0.jar;C:\Users\Жанарбай\.m2\repository\org\jetbrains\kotlin\kotlin-stdlib-common\1.6.0\kotlin-stdlib-common-1.6.0.jar
Launcher Type: SUN_STANDARD

[Global flags]
     intx CICompilerCount                          = 4                                         {product} {ergonomic}
     uint ConcGCThreads                            = 2                                         {product} {ergonomic}
     uint G1ConcRefinementThreads                  = 8                                         {product} {ergonomic}
   size_t G1HeapRegionSize                         = 1048576                                   {product} {ergonomic}
    uintx GCDrainStackTargetSize                   = 64                                        {product} {ergonomic}
   size_t InitialHeapSize                          = 130023424                                 {product} {ergonomic}
   size_t MarkStackSize                            = 4194304                                   {product} {ergonomic}
   size_t MaxHeapSize                              = 2067791872                                {product} {ergonomic}
   size_t MaxNewSize                               = 1240465408                                {product} {ergonomic}
   size_t MinHeapDeltaBytes                        = 1048576                                   {product} {ergonomic}
   size_t MinHeapSize                              = 8388608                                   {product} {ergonomic}
    uintx NonNMethodCodeHeapSize                   = 5839372                                {pd product} {ergonomic}
    uintx NonProfiledCodeHeapSize                  = 122909434                              {pd product} {ergonomic}
    uintx ProfiledCodeHeapSize                     = 122909434                              {pd product} {ergonomic}
    uintx ReservedCodeCacheSize                    = 251658240                              {pd product} {ergonomic}
     bool SegmentedCodeCache                       = true                                      {product} {ergonomic}
   size_t SoftMaxHeapSize                          = 2067791872                             {manageable} {ergonomic}
     bool UseCompressedClassPointers               = true                           {product lp64_product} {ergonomic}
     bool UseCompressedOops                        = true                           {product lp64_product} {ergonomic}
     bool UseG1GC                                  = true                                      {product} {ergonomic}
     bool UseLargePagesIndividualAllocation        = false                                  {pd product} {ergonomic}

Logging:
Log output configuration:
 #0: stdout all=warning uptime,level,tags foldmultilines=false
 #1: stderr all=off uptime,level,tags foldmultilines=false

Environment Variables:
JAVA_HOME=C:\Program Files\Android\Android Studio\jre
PATH=C:\Program Files\Common Files\Oracle\Java\javapath;C:\Windows\system32;C:\Windows;C:\Windows\System32\Wbem;C:\Windows\System32\WindowsPowerShell\v1.0\;C:\Program Files\Git\cmd;C:\Program Files\Java\jdk-19\bin;C:\Program Files\nodejs\;C:\Program Files\Microsoft SQL Server\120\DTS\Binn\;C:\Program Files\Microsoft SQL Server\Client SDK\ODBC\110\Tools\Binn\;C:\Program Files (x86)\Microsoft SQL Server\120\Tools\Binn\;C:\Program Files\Microsoft SQL Server\120\Tools\Binn\;C:\Program Files (x86)\Microsoft SQL Server\120\Tools\Binn\ManagementStudio\;C:\Program Files (x86)\Microsoft SQL Server\120\DTS\Binn\;C:\Program Files\MySQL\MySQL Shell 8.0\bin\;C:\Users\Жанарбай\AppData\Local\Microsoft\WindowsApps;C:\Users\Жанарбай\AppData\Local\Programs\Microsoft VS Code\bin;C:\Program Files\JetBrains\PyCharm Community Edition 2022.2.3\bin;;C:\Users\Жанарбай\AppData\Local\GitHubDesktop\bin;C:\Users\Жанарбай\AppData\Roaming\npm;C:\Program Files\JetBrains\IntelliJ IDEA 2023.1.1\bin;;C:\flutter;C:\flutter\bin;G:\Sdk;
USERNAME=Жанарбай
OS=Windows_NT
PROCESSOR_IDENTIFIER=Intel64 Family 6 Model 140 Stepping 1, GenuineIntel
TMP=C:\Users\46FB~1\AppData\Local\Temp
TEMP=C:\Users\46FB~1\AppData\Local\Temp



---------------  S Y S T E M  ---------------

OS:
 Windows 10 , 64 bit Build 19041 (10.0.19041.1202)
OS uptime: 0 days 0:25 hours

CPU: total 8 (initial active 8) (4 cores per cpu, 2 threads per core) family 6 model 140 stepping 1 microcode 0xa4, cx8, cmov, fxsr, ht, mmx, 3dnowpref, sse, sse2, sse3, ssse3, sse4.1, sse4.2, popcnt, lzcnt, tsc, tscinvbit, avx, avx2, aes, erms, clmul, bmi1, bmi2, adx, avx512f, avx512dq, avx512cd, avx512bw, avx512vl, sha, fma, vzeroupper, avx512_vpopcntdq, avx512_vpclmulqdq, avx512_vaes, avx512_vnni, clflush, clflushopt, clwb, avx512_vbmi2, avx512_vbmi, rdtscp, rdpid, fsrm, gfni, avx512_bitalg

Memory: 4k page, system-wide physical 7883M (557M free)
TotalPageFile size 7883M (AvailPageFile size 2M)
current process WorkingSet (physical memory assigned to process): 51M, peak: 51M
current process commit charge ("private bytes"): 213M, peak: 213M

vm_info: Java HotSpot(TM) 64-Bit Server VM (19.0.2+7-44) for windows-amd64 JRE (19.0.2+7-44), built on 2022-11-30T18:02:09Z by "mach5one" with MS VC++ 17.1 (VS2022)

END.
